<?xml version="1.0" encoding="UTF-8"?>
<!-- Generated by org.testng.reporters.JUnitReportReporter -->
<testsuite hostname="zqy-PC" name="com.ctsi.testlink.DemoSelenium" tests="1" failures="0" timestamp="29 Aug 2013 02:37:59 GMT" time="15.650" errors="0">
  <testcase name="verifyHomepageTitle" time="15.650" classname="com.ctsi.testlink.DemoSelenium"/>
</testsuite> <!-- com.ctsi.testlink.DemoSelenium -->
