<?xml version="1.0" encoding="UTF-8"?>
<!-- Generated by org.testng.reporters.JUnitReportReporter -->
<testsuite hostname="zqy-PC" name="com.ctsi.testlink.DemoSelenium" tests="1" failures="0" timestamp="30 Aug 2013 07:20:49 GMT" time="14.212" errors="0">
  <testcase name="verifyHomepageTitle" time="14.212" classname="com.ctsi.testlink.DemoSelenium"/>
</testsuite> <!-- com.ctsi.testlink.DemoSelenium -->
